<?xml version="1.0" encoding="UTF-8"?>
<!-- Generated by org.testng.reporters.JUnitXMLReporter -->
<testsuite ignored="3" hostname="DESKTOP-QUCBIS3" failures="0" tests="6" name="Car Loan" time="0.195" errors="0" timestamp="2024-05-28T18:02:02 IST">
  <testcase classname="test.Class3" name="RestAPILoginbCarLoan" time="0.021"/>
  <testcase classname="test.Class3" name="RestAPILoginbCarLoan" time="0.01"/>
  <testcase classname="test.Class3" name="RestAPILoginbCarLoan" time="0.005"/>
  <testcase classname="test.Class3" name="WebLoginCarLOan" time="0.009"/>
  <testcase classname="test.Class3" name="Smoke2" time="0.005"/>
  <testcase classname="test.Class3" name="APILoginbCarLoan" time="0.005"/>
  <testcase classname="test.Class3" name="MobileLoginCarLoan" time="0.0">
    <ignored/>
  </testcase> <!-- MobileLoginCarLoan -->
  <testcase classname="test.Class3" name="MobileSignin" time="0.0">
    <ignored/>
  </testcase> <!-- MobileSignin -->
  <testcase classname="test.Class3" name="MobileSignout" time="0.0">
    <ignored/>
  </testcase> <!-- MobileSignout -->
</testsuite> <!-- Car Loan -->
