<?xml version="1.0" encoding="UTF-8"?>
<!-- Generated by org.testng.reporters.JUnitXMLReporter -->
<testsuite ignored="1" hostname="DESKTOP-QUCBIS3" failures="0" tests="8" name="Personal Loan" time="0.222" errors="0" timestamp="2024-05-28T18:02:02 IST">
  <testcase classname="test.Class1" name="SecondTest" time="0.014"/>
  <testcase classname="test.Class2" name="Demo3" time="0.012"/>
  <testcase classname="test.Class2" name="Smoke1" time="0.004"/>
  <testcase classname="test.Class4" name="APILoginbHomeLoan" time="0.004"/>
  <testcase classname="test.Class4" name="MobileLoginbHomeLoan" time="0.016"/>
  <testcase classname="test.Class4" name="Smoke3" time="0.008"/>
  <testcase classname="test.Class4" name="WebLoginHomeLOan" time="0.021"/>
  <testcase classname="test.Class5" name="WebLoginEducationLOan" time="0.005"/>
  <testcase classname="test.Class1" name="Demo" time="0.0">
    <ignored/>
  </testcase> <!-- Demo -->
</testsuite> <!-- Personal Loan -->
