<?xml version="1.0" encoding="UTF-8"?>
<!-- Generated by org.testng.reporters.JUnitXMLReporter -->
<testsuite ignored="4" hostname="DESKTOP-QUCBIS3" failures="0" tests="11" name="Regression" time="0.202" errors="0" timestamp="2024-05-28T15:32:45 IST">
  <testcase classname="test.Class1" name="SecondTest" time="0.013"/>
  <testcase classname="test.Class2" name="Demo3" time="0.004"/>
  <testcase classname="test.Class3" name="MobileSignout" time="0.004"/>
  <testcase classname="test.Class3" name="RestAPILoginbCarLoan" time="0.003"/>
  <testcase classname="test.Class3" name="WebLoginCarLOan" time="0.004"/>
  <testcase classname="test.Class3" name="MobileLoginCarLoan" time="0.007"/>
  <testcase classname="test.Class3" name="MobileSignin" time="0.003"/>
  <testcase classname="test.Class3" name="APILoginbCarLoan" time="0.005"/>
  <testcase classname="test.Class4" name="APILoginbHomeLoan" time="0.003"/>
  <testcase classname="test.Class4" name="MobileLoginbHomeLoan" time="0.007"/>
  <testcase classname="test.Class4" name="WebLoginHomeLOan" time="0.003"/>
  <testcase classname="test.Class1" name="Demo" time="0.0">
    <ignored/>
  </testcase> <!-- Demo -->
  <testcase classname="test.Class2" name="Smoke1" time="0.0">
    <ignored/>
  </testcase> <!-- Smoke1 -->
  <testcase classname="test.Class3" name="Smoke2" time="0.0">
    <ignored/>
  </testcase> <!-- Smoke2 -->
  <testcase classname="test.Class4" name="Smoke3" time="0.0">
    <ignored/>
  </testcase> <!-- Smoke3 -->
</testsuite> <!-- Regression -->
